<?xml version="1.0" encoding="UTF-8"?>
<testng-results ignored="0" total="1" passed="1" failed="0" skipped="0">
  <reporter-output>
  </reporter-output>
  <suite started-at="2025-12-08T16:09:19 IST" name="Default suite" finished-at="2025-12-08T16:09:23 IST" duration-ms="3553">
    <groups>
    </groups>
    <test started-at="2025-12-08T16:09:19 IST" name="Default test" finished-at="2025-12-08T16:09:23 IST" duration-ms="3553">
      <class name="tests.LoginTest">
        <test-method is-config="true" signature="setup()[pri:0, instance:tests.LoginTest@7b94089b]" started-at="2025-12-08T16:09:19 IST" name="setup" finished-at="2025-12-08T16:09:20 IST" duration-ms="571" status="PASS">
          <reporter-output>
          </reporter-output>
        </test-method> <!-- setup -->
        <test-method signature="loginAndFetchProfile()[pri:0, instance:tests.LoginTest@7b94089b]" started-at="2025-12-08T16:09:20 IST" name="loginAndFetchProfile" finished-at="2025-12-08T16:09:23 IST" duration-ms="2898" status="PASS">
          <reporter-output>
          </reporter-output>
        </test-method> <!-- loginAndFetchProfile -->
        <test-method is-config="true" signature="tearDown()[pri:0, instance:tests.LoginTest@7b94089b]" started-at="2025-12-08T16:09:23 IST" name="tearDown" finished-at="2025-12-08T16:09:23 IST" duration-ms="1" status="PASS">
          <reporter-output>
          </reporter-output>
        </test-method> <!-- tearDown -->
      </class> <!-- tests.LoginTest -->
    </test> <!-- Default test -->
  </suite> <!-- Default suite -->
</testng-results>
