<?xml version="1.0" encoding="UTF-8"?>
<testng-results ignored="0" total="2" passed="2" failed="0" skipped="0">
  <reporter-output>
  </reporter-output>
  <suite started-at="2025-12-08T13:18:39 IST" name="Default suite" finished-at="2025-12-08T13:18:43 IST" duration-ms="4716">
    <groups>
    </groups>
    <test started-at="2025-12-08T13:18:39 IST" name="Default test" finished-at="2025-12-08T13:18:43 IST" duration-ms="4716">
      <class name="tests.Test1">
        <test-method signature="login()[pri:0, instance:tests.Test1@6e6f2380]" started-at="2025-12-08T13:18:39 IST" name="login" finished-at="2025-12-08T13:18:42 IST" duration-ms="3495" status="PASS">
          <reporter-output>
          </reporter-output>
        </test-method> <!-- login -->
        <test-method signature="userDeatils()[pri:0, instance:tests.Test1@6e6f2380]" started-at="2025-12-08T13:18:42 IST" name="userDeatils" finished-at="2025-12-08T13:18:43 IST" depends-on-methods="tests.Test1.login" duration-ms="1170" status="PASS">
          <reporter-output>
          </reporter-output>
        </test-method> <!-- userDeatils -->
      </class> <!-- tests.Test1 -->
    </test> <!-- Default test -->
  </suite> <!-- Default suite -->
</testng-results>
